  main.cpp
C:\Users\User\Desktop\graphics project\curve.h(143,37): warning C4244: 'initializing': conversion from 'double' to 'float', possible loss of data
C:\Users\User\Desktop\graphics project\curve.h(143,28): warning C4244: 'initializing': conversion from 'double' to 'const float', possible loss of data
C:\Users\User\Desktop\graphics project\curve.h(146,18): warning C4244: 'initializing': conversion from 'double' to 'float', possible loss of data
C:\Users\User\Desktop\graphics project\curve.h(156,29): warning C4244: '=': conversion from 'double' to 'float', possible loss of data
C:\Users\User\Desktop\graphics project\curve.h(162,23): warning C4244: '=': conversion from 'double' to 'float', possible loss of data
C:\Users\User\Desktop\graphics project\curve.h(163,23): warning C4244: '=': conversion from 'double' to 'float', possible loss of data
C:\Users\User\Desktop\graphics project\main.cpp(203,6): warning C4305: 'initializing': truncation from 'double' to '_Ty'
          with
          [
              _Ty=float
          ]
C:\Users\User\Desktop\graphics project\main.cpp(203,14): warning C4305: 'initializing': truncation from 'double' to '_Ty'
          with
          [
              _Ty=float
          ]
C:\Users\User\Desktop\graphics project\main.cpp(203,22): warning C4305: 'initializing': truncation from 'double' to '_Ty'
          with
          [
              _Ty=float
          ]
C:\Users\User\Desktop\graphics project\main.cpp(204,6): warning C4305: 'initializing': truncation from 'double' to '_Ty'
          with
          [
              _Ty=float
          ]
C:\Users\User\Desktop\graphics project\main.cpp(204,22): warning C4305: 'initializing': truncation from 'double' to '_Ty'
          with
          [
              _Ty=float
          ]
C:\Users\User\Desktop\graphics project\main.cpp(205,6): warning C4305: 'initializing': truncation from 'double' to '_Ty'
          with
          [
              _Ty=float
          ]
C:\Users\User\Desktop\graphics project\main.cpp(205,14): warning C4305: 'initializing': truncation from 'double' to '_Ty'
          with
          [
              _Ty=float
          ]
C:\Users\User\Desktop\graphics project\main.cpp(205,22): warning C4305: 'initializing': truncation from 'double' to '_Ty'
          with
          [
              _Ty=float
          ]
C:\Users\User\Desktop\graphics project\main.cpp(206,6): warning C4305: 'initializing': truncation from 'double' to '_Ty'
          with
          [
              _Ty=float
          ]
C:\Users\User\Desktop\graphics project\main.cpp(206,14): warning C4305: 'initializing': truncation from 'double' to '_Ty'
          with
          [
              _Ty=float
          ]
C:\Users\User\Desktop\graphics project\main.cpp(206,22): warning C4305: 'initializing': truncation from 'double' to '_Ty'
          with
          [
              _Ty=float
          ]
C:\Users\User\Desktop\graphics project\main.cpp(207,6): warning C4305: 'initializing': truncation from 'double' to '_Ty'
          with
          [
              _Ty=float
          ]
C:\Users\User\Desktop\graphics project\main.cpp(207,14): warning C4305: 'initializing': truncation from 'double' to '_Ty'
          with
          [
              _Ty=float
          ]
C:\Users\User\Desktop\graphics project\main.cpp(207,22): warning C4305: 'initializing': truncation from 'double' to '_Ty'
          with
          [
              _Ty=float
          ]
C:\Users\User\Desktop\graphics project\main.cpp(208,6): warning C4305: 'initializing': truncation from 'double' to '_Ty'
          with
          [
              _Ty=float
          ]
C:\Users\User\Desktop\graphics project\main.cpp(208,14): warning C4305: 'initializing': truncation from 'double' to '_Ty'
          with
          [
              _Ty=float
          ]
C:\Users\User\Desktop\graphics project\main.cpp(208,22): warning C4305: 'initializing': truncation from 'double' to '_Ty'
          with
          [
              _Ty=float
          ]
C:\Users\User\Desktop\graphics project\main.cpp(209,6): warning C4305: 'initializing': truncation from 'double' to '_Ty'
          with
          [
              _Ty=float
          ]
C:\Users\User\Desktop\graphics project\main.cpp(209,14): warning C4305: 'initializing': truncation from 'double' to '_Ty'
          with
          [
              _Ty=float
          ]
C:\Users\User\Desktop\graphics project\main.cpp(209,22): warning C4305: 'initializing': truncation from 'double' to '_Ty'
          with
          [
              _Ty=float
          ]
C:\Users\User\Desktop\graphics project\main.cpp(213,5): warning C4305: 'initializing': truncation from 'double' to '_Ty'
          with
          [
              _Ty=float
          ]
C:\Users\User\Desktop\graphics project\main.cpp(213,13): warning C4305: 'initializing': truncation from 'double' to '_Ty'
          with
          [
              _Ty=float
          ]
C:\Users\User\Desktop\graphics project\main.cpp(213,21): warning C4305: 'initializing': truncation from 'double' to '_Ty'
          with
          [
              _Ty=float
          ]
C:\Users\User\Desktop\graphics project\main.cpp(214,6): warning C4305: 'initializing': truncation from 'double' to '_Ty'
          with
          [
              _Ty=float
          ]
C:\Users\User\Desktop\graphics project\main.cpp(214,14): warning C4305: 'initializing': truncation from 'double' to '_Ty'
          with
          [
              _Ty=float
          ]
C:\Users\User\Desktop\graphics project\main.cpp(214,22): warning C4305: 'initializing': truncation from 'double' to '_Ty'
          with
          [
              _Ty=float
          ]
C:\Users\User\Desktop\graphics project\main.cpp(215,6): warning C4305: 'initializing': truncation from 'double' to '_Ty'
          with
          [
              _Ty=float
          ]
C:\Users\User\Desktop\graphics project\main.cpp(215,14): warning C4305: 'initializing': truncation from 'double' to '_Ty'
          with
          [
              _Ty=float
          ]
C:\Users\User\Desktop\graphics project\main.cpp(215,22): warning C4305: 'initializing': truncation from 'double' to '_Ty'
          with
          [
              _Ty=float
          ]
C:\Users\User\Desktop\graphics project\main.cpp(225,6): warning C4305: 'initializing': truncation from 'double' to '_Ty'
          with
          [
              _Ty=float
          ]
C:\Users\User\Desktop\graphics project\main.cpp(225,14): warning C4305: 'initializing': truncation from 'double' to '_Ty'
          with
          [
              _Ty=float
          ]
C:\Users\User\Desktop\graphics project\main.cpp(225,22): warning C4305: 'initializing': truncation from 'double' to '_Ty'
          with
          [
              _Ty=float
          ]
C:\Users\User\Desktop\graphics project\main.cpp(226,6): warning C4305: 'initializing': truncation from 'double' to '_Ty'
          with
          [
              _Ty=float
          ]
C:\Users\User\Desktop\graphics project\main.cpp(226,14): warning C4305: 'initializing': truncation from 'double' to '_Ty'
          with
          [
              _Ty=float
          ]
C:\Users\User\Desktop\graphics project\main.cpp(226,22): warning C4305: 'initializing': truncation from 'double' to '_Ty'
          with
          [
              _Ty=float
          ]
C:\Users\User\Desktop\graphics project\main.cpp(230,6): warning C4305: 'initializing': truncation from 'double' to '_Ty'
          with
          [
              _Ty=float
          ]
C:\Users\User\Desktop\graphics project\main.cpp(230,14): warning C4305: 'initializing': truncation from 'double' to '_Ty'
          with
          [
              _Ty=float
          ]
C:\Users\User\Desktop\graphics project\main.cpp(230,22): warning C4305: 'initializing': truncation from 'double' to '_Ty'
          with
          [
              _Ty=float
          ]
C:\Users\User\Desktop\graphics project\main.cpp(231,6): warning C4305: 'initializing': truncation from 'double' to '_Ty'
          with
          [
              _Ty=float
          ]
C:\Users\User\Desktop\graphics project\main.cpp(231,15): warning C4305: 'initializing': truncation from 'double' to '_Ty'
          with
          [
              _Ty=float
          ]
C:\Users\User\Desktop\graphics project\main.cpp(231,23): warning C4305: 'initializing': truncation from 'double' to '_Ty'
          with
          [
              _Ty=float
          ]
C:\Users\User\Desktop\graphics project\main.cpp(232,6): warning C4305: 'initializing': truncation from 'double' to '_Ty'
          with
          [
              _Ty=float
          ]
C:\Users\User\Desktop\graphics project\main.cpp(232,14): warning C4305: 'initializing': truncation from 'double' to '_Ty'
          with
          [
              _Ty=float
          ]
C:\Users\User\Desktop\graphics project\main.cpp(232,22): warning C4305: 'initializing': truncation from 'double' to '_Ty'
          with
          [
              _Ty=float
          ]
C:\Users\User\Desktop\graphics project\main.cpp(233,6): warning C4305: 'initializing': truncation from 'double' to '_Ty'
          with
          [
              _Ty=float
          ]
C:\Users\User\Desktop\graphics project\main.cpp(233,14): warning C4305: 'initializing': truncation from 'double' to '_Ty'
          with
          [
              _Ty=float
          ]
C:\Users\User\Desktop\graphics project\main.cpp(233,22): warning C4305: 'initializing': truncation from 'double' to '_Ty'
          with
          [
              _Ty=float
          ]
C:\Users\User\Desktop\graphics project\main.cpp(234,6): warning C4305: 'initializing': truncation from 'double' to '_Ty'
          with
          [
              _Ty=float
          ]
C:\Users\User\Desktop\graphics project\main.cpp(234,14): warning C4305: 'initializing': truncation from 'double' to '_Ty'
          with
          [
              _Ty=float
          ]
C:\Users\User\Desktop\graphics project\main.cpp(234,22): warning C4305: 'initializing': truncation from 'double' to '_Ty'
          with
          [
              _Ty=float
          ]
C:\Users\User\Desktop\graphics project\main.cpp(238,6): warning C4305: 'initializing': truncation from 'double' to '_Ty'
          with
          [
              _Ty=float
          ]
C:\Users\User\Desktop\graphics project\main.cpp(238,14): warning C4305: 'initializing': truncation from 'double' to '_Ty'
          with
          [
              _Ty=float
          ]
C:\Users\User\Desktop\graphics project\main.cpp(238,22): warning C4305: 'initializing': truncation from 'double' to '_Ty'
          with
          [
              _Ty=float
          ]
C:\Users\User\Desktop\graphics project\main.cpp(239,6): warning C4305: 'initializing': truncation from 'double' to '_Ty'
          with
          [
              _Ty=float
          ]
C:\Users\User\Desktop\graphics project\main.cpp(239,14): warning C4305: 'initializing': truncation from 'double' to '_Ty'
          with
          [
              _Ty=float
          ]
C:\Users\User\Desktop\graphics project\main.cpp(239,22): warning C4305: 'initializing': truncation from 'double' to '_Ty'
          with
          [
              _Ty=float
          ]
C:\Users\User\Desktop\graphics project\main.cpp(240,6): warning C4305: 'initializing': truncation from 'double' to '_Ty'
          with
          [
              _Ty=float
          ]
C:\Users\User\Desktop\graphics project\main.cpp(240,14): warning C4305: 'initializing': truncation from 'double' to '_Ty'
          with
          [
              _Ty=float
          ]
C:\Users\User\Desktop\graphics project\main.cpp(240,22): warning C4305: 'initializing': truncation from 'double' to '_Ty'
          with
          [
              _Ty=float
          ]
C:\Users\User\Desktop\graphics project\main.cpp(241,6): warning C4305: 'initializing': truncation from 'double' to '_Ty'
          with
          [
              _Ty=float
          ]
C:\Users\User\Desktop\graphics project\main.cpp(241,14): warning C4305: 'initializing': truncation from 'double' to '_Ty'
          with
          [
              _Ty=float
          ]
C:\Users\User\Desktop\graphics project\main.cpp(241,22): warning C4305: 'initializing': truncation from 'double' to '_Ty'
          with
          [
              _Ty=float
          ]
C:\Users\User\Desktop\graphics project\main.cpp(242,15): warning C4305: 'initializing': truncation from 'double' to '_Ty'
          with
          [
              _Ty=float
          ]
C:\Users\User\Desktop\graphics project\main.cpp(242,23): warning C4305: 'initializing': truncation from 'double' to '_Ty'
          with
          [
              _Ty=float
          ]
C:\Users\User\Desktop\graphics project\main.cpp(421,81): warning C4101: 'scaleMatrix': unreferenced local variable
C:\Users\User\Desktop\graphics project\main.cpp(1002,27): warning C4305: 'argument': truncation from 'double' to 'float'
C:\Users\User\Desktop\graphics project\main.cpp(1007,51): warning C4305: 'argument': truncation from 'double' to 'float'
C:\Users\User\Desktop\graphics project\main.cpp(1007,27): warning C4305: 'argument': truncation from 'double' to 'float'
C:\Users\User\Desktop\graphics project\main.cpp(1021,55): warning C4305: 'argument': truncation from 'double' to 'float'
C:\Users\User\Desktop\graphics project\main.cpp(1021,50): warning C4305: 'argument': truncation from 'double' to 'float'
C:\Users\User\Desktop\graphics project\main.cpp(1021,44): warning C4305: 'argument': truncation from 'double' to 'float'
C:\Users\User\Desktop\graphics project\main.cpp(1021,26): warning C4305: 'argument': truncation from 'double' to 'float'
C:\Users\User\Desktop\graphics project\main.cpp(1025,56): warning C4305: 'argument': truncation from 'double' to 'float'
C:\Users\User\Desktop\graphics project\main.cpp(1025,51): warning C4305: 'argument': truncation from 'double' to 'float'
C:\Users\User\Desktop\graphics project\main.cpp(1025,44): warning C4305: 'argument': truncation from 'double' to 'float'
C:\Users\User\Desktop\graphics project\main.cpp(1025,26): warning C4305: 'argument': truncation from 'double' to 'float'
C:\Users\User\Desktop\graphics project\main.cpp(1029,60): warning C4305: 'argument': truncation from 'double' to 'float'
C:\Users\User\Desktop\graphics project\main.cpp(1029,55): warning C4305: 'argument': truncation from 'double' to 'float'
C:\Users\User\Desktop\graphics project\main.cpp(1029,50): warning C4305: 'argument': truncation from 'double' to 'float'
C:\Users\User\Desktop\graphics project\main.cpp(1029,36): warning C4305: 'argument': truncation from 'double' to 'float'
C:\Users\User\Desktop\graphics project\main.cpp(1029,24): warning C4305: 'argument': truncation from 'double' to 'float'
C:\Users\User\Desktop\graphics project\main.cpp(1034,60): warning C4305: 'argument': truncation from 'double' to 'float'
C:\Users\User\Desktop\graphics project\main.cpp(1034,55): warning C4305: 'argument': truncation from 'double' to 'float'
C:\Users\User\Desktop\graphics project\main.cpp(1034,50): warning C4305: 'argument': truncation from 'double' to 'float'
C:\Users\User\Desktop\graphics project\main.cpp(1034,36): warning C4305: 'argument': truncation from 'double' to 'float'
C:\Users\User\Desktop\graphics project\main.cpp(1034,29): warning C4305: 'argument': truncation from 'double' to 'float'
C:\Users\User\Desktop\graphics project\main.cpp(1034,24): warning C4305: 'argument': truncation from 'double' to 'float'
  Lighting.vcxproj -> C:\Users\User\Desktop\graphics project\x64\Debug\Lighting.exe
